<?xml version="1.0" encoding="UTF-8" ?>
<testsuite errors="0" skipped="0" tests="1" time="0.061" failures="0" name="guide.ide.eclipse.core.AppTest">
  <properties>
    <property value="Java(TM) 2 Runtime Environment, Standard Edition" name="java.runtime.name"/>
    <property value="c:\dev\java\jdk1.5.0_05\jre\bin" name="sun.boot.library.path"/>
    <property value="1.5.0_05-b05" name="java.vm.version"/>
    <property value="Sun Microsystems Inc." name="java.vm.vendor"/>
    <property value="http://java.sun.com/" name="java.vendor.url"/>
    <property value=";" name="path.separator"/>
    <property value="Java HotSpot(TM) Client VM" name="java.vm.name"/>
    <property value="sun.io" name="file.encoding.pkg"/>
    <property value="US" name="user.country"/>
    <property value="Service Pack 2" name="sun.os.patch.level"/>
    <property value="Java Virtual Machine Specification" name="java.vm.specification.name"/>
    <property value="D:\pboisver\Desktop\junk\bob\guide-ide-eclipse\guide-ide-eclipse-core" name="user.dir"/>
    <property value="1.5.0_05-b05" name="java.runtime.version"/>
    <property value="sun.awt.Win32GraphicsEnvironment" name="java.awt.graphicsenv"/>
    <property value="D:\pboisver\Desktop\junk\bob\guide-ide-eclipse\guide-ide-eclipse-core" name="basedir"/>
    <property value="c:\dev\java\jdk1.5.0_05\jre\lib\endorsed" name="java.endorsed.dirs"/>
    <property value="x86" name="os.arch"/>
    <property value="C:\DOCUME~1\pboisver\LOCALS~1\Temp\" name="java.io.tmpdir"/>
    <property value="
" name="line.separator"/>
    <property value="Sun Microsystems Inc." name="java.vm.specification.vendor"/>
    <property value="" name="user.variant"/>
    <property value="Windows XP" name="os.name"/>
    <property value="Cp1252" name="sun.jnu.encoding"/>
    <property value="c:\dev\java\jdk1.5.0_05\bin;.;C:\WINDOWS\system32;C:\WINDOWS;C:\dev\maven-2.0.4\bin;c:\dev\java\jdk1.5.0_05\bin;c:\OraNT\jre\1.4.2\bin\client;c:\OraNT\jre\1.4.2\bin;c:\OraNT\bin;C:\WINDOWS\system32;C:\WINDOWS;C:\WINDOWS\System32\Wbem;C:\wsmgmt\bin;C:\Program Files\Support Tools\;C:\WINDOWS\system32\nls;C:\WINDOWS\system32\nls\ENGLISH;C:\Program Files\Common Files\Adaptec Shared\System;C:\Program Files\Hummingbird\Connectivity\9.00\Security\Kerberos\;C:\Program Files\ATI Technologies\ATI Control Panel;Y:." name="java.library.path"/>
    <property value="Java Platform API Specification" name="java.specification.name"/>
    <property value="49.0" name="java.class.version"/>
    <property value="HotSpot Client Compiler" name="sun.management.compiler"/>
    <property value="5.1" name="os.version"/>
    <property value="D:\pboisver" name="user.home"/>
    <property value="" name="user.timezone"/>
    <property value="sun.awt.windows.WPrinterJob" name="java.awt.printerjob"/>
    <property value="Cp1252" name="file.encoding"/>
    <property value="1.5" name="java.specification.version"/>
    <property value="pboisver" name="user.name"/>
    <property value="D:\pboisver\.m2\repository\org\apache\maven\surefire\surefire-api\2.0\surefire-api-2.0.jar;D:\pboisver\.m2\repository\org\codehaus\plexus\plexus-utils\1.1\plexus-utils-1.1.jar;D:\pboisver\.m2\repository\org\apache\maven\surefire\surefire-booter\2.0\surefire-booter-2.0.jar" name="java.class.path"/>
    <property value="1.0" name="java.vm.specification.version"/>
    <property value="32" name="sun.arch.data.model"/>
    <property value="c:\dev\java\jdk1.5.0_05\jre" name="java.home"/>
    <property value="Sun Microsystems Inc." name="java.specification.vendor"/>
    <property value="en" name="user.language"/>
    <property value="sun.awt.windows.WToolkit" name="awt.toolkit"/>
    <property value="mixed mode, sharing" name="java.vm.info"/>
    <property value="1.5.0_05" name="java.version"/>
    <property value="c:\dev\java\jdk1.5.0_05\jre\lib\ext" name="java.ext.dirs"/>
    <property value="c:\dev\java\jdk1.5.0_05\jre\lib\rt.jar;c:\dev\java\jdk1.5.0_05\jre\lib\i18n.jar;c:\dev\java\jdk1.5.0_05\jre\lib\sunrsasign.jar;c:\dev\java\jdk1.5.0_05\jre\lib\jsse.jar;c:\dev\java\jdk1.5.0_05\jre\lib\jce.jar;c:\dev\java\jdk1.5.0_05\jre\lib\charsets.jar;c:\dev\java\jdk1.5.0_05\jre\classes" name="sun.boot.class.path"/>
    <property value="Sun Microsystems Inc." name="java.vendor"/>
    <property value="D:\pboisver\.m2\repository" name="localRepository"/>
    <property value="\" name="file.separator"/>
    <property value="http://java.sun.com/cgi-bin/bugreport.cgi" name="java.vendor.url.bug"/>
    <property value="little" name="sun.cpu.endian"/>
    <property value="UnicodeLittle" name="sun.io.unicode.encoding"/>
    <property value="windows" name="sun.desktop"/>
    <property value="pentium_pro+mmx pentium_pro pentium+mmx pentium i486 i386 i86" name="sun.cpu.isalist"/>
  </properties>
  <testcase time="0" name="testApp"/>
</testsuite>